::1 - - [05/Mar/2024:19:14:54 +0000] "GET /products HTTP/1.1" 200 64170
::1 - - [05/Mar/2024:19:14:54 +0000] "GET /css/bootstrap.min.css HTTP/1.1" 404 160
::1 - - [05/Mar/2024:19:14:54 +0000] "GET /js/bootstrap.min.js HTTP/1.1" 404 158
::1 - - [05/Mar/2024:19:14:56 +0000] "GET /products HTTP/1.1" 304 -
::1 - - [05/Mar/2024:19:14:56 +0000] "GET /css/bootstrap.min.css HTTP/1.1" 404 160
::1 - - [05/Mar/2024:19:14:56 +0000] "GET /js/bootstrap.min.js HTTP/1.1" 404 158
::1 - - [05/Mar/2024:19:14:56 +0000] "GET /css/bootstrap.min.css HTTP/1.1" 404 160
::1 - - [05/Mar/2024:19:14:59 +0000] "GET /category HTTP/1.1" 304 -
::1 - - [05/Mar/2024:19:14:59 +0000] "GET /css/bootstrap.min.css HTTP/1.1" 404 160
::1 - - [05/Mar/2024:19:14:59 +0000] "GET /js/bootstrap.min.js HTTP/1.1" 404 158
::1 - - [05/Mar/2024:19:15:01 +0000] "GET /products HTTP/1.1" 304 -
::1 - - [05/Mar/2024:19:15:01 +0000] "GET /css/bootstrap.min.css HTTP/1.1" 404 160
::1 - - [05/Mar/2024:19:15:01 +0000] "GET /js/bootstrap.min.js HTTP/1.1" 404 158
::1 - - [05/Mar/2024:19:15:02 +0000] "GET /category HTTP/1.1" 304 -
::1 - - [05/Mar/2024:19:15:02 +0000] "GET /css/bootstrap.min.css HTTP/1.1" 404 160
::1 - - [05/Mar/2024:19:15:02 +0000] "GET /js/bootstrap.min.js HTTP/1.1" 404 158
::1 - - [05/Mar/2024:19:15:03 +0000] "GET /products HTTP/1.1" 304 -
::1 - - [05/Mar/2024:19:15:03 +0000] "GET /css/bootstrap.min.css HTTP/1.1" 404 160
::1 - - [05/Mar/2024:19:15:03 +0000] "GET /js/bootstrap.min.js HTTP/1.1" 404 158
::1 - - [05/Mar/2024:19:15:04 +0000] "GET / HTTP/1.1" 304 -
::1 - - [05/Mar/2024:19:15:04 +0000] "GET /css/bootstrap.min.css HTTP/1.1" 404 160
::1 - - [05/Mar/2024:19:15:04 +0000] "GET /js/bootstrap.min.js HTTP/1.1" 404 158
::1 - - [05/Mar/2024:19:15:10 +0000] "GET /category HTTP/1.1" 304 -
::1 - - [05/Mar/2024:19:15:10 +0000] "GET /css/bootstrap.min.css HTTP/1.1" 404 160
::1 - - [05/Mar/2024:19:15:10 +0000] "GET /js/bootstrap.min.js HTTP/1.1" 404 158
::1 - - [05/Mar/2024:19:15:14 +0000] "GET /products HTTP/1.1" 304 -
::1 - - [05/Mar/2024:19:15:14 +0000] "GET /css/bootstrap.min.css HTTP/1.1" 404 160
::1 - - [05/Mar/2024:19:15:14 +0000] "GET /js/bootstrap.min.js HTTP/1.1" 404 158
